<?xml version="1.0" encoding="UTF-8"?>
<testng-results ignored="0" total="13" passed="11" failed="2" skipped="0">
  <reporter-output>
  </reporter-output>
  <suite started-at="2024-11-29T15:55:46 AST" name="Suite" finished-at="2024-11-29T15:58:16 AST" duration-ms="149693">
    <groups>
    </groups>
    <test started-at="2024-11-29T15:55:46 AST" name="Test" finished-at="2024-11-29T15:58:16 AST" duration-ms="149693">
      <class name="com.tutorialsninja.testcases.Search">
        <test-method is-config="true" signature="Setup()[pri:0, instance:com.tutorialsninja.testcases.Search@1f2586d6]" started-at="2024-11-29T15:57:50 AST" name="Setup" finished-at="2024-11-29T15:57:57 AST" duration-ms="6685" status="PASS">
          <reporter-output>
          </reporter-output>
        </test-method> <!-- Setup -->
        <test-method signature="VerifySearchWithValidProduct()[pri:1, instance:com.tutorialsninja.testcases.Search@1f2586d6]" started-at="2024-11-29T15:57:57 AST" name="VerifySearchWithValidProduct" finished-at="2024-11-29T15:57:58 AST" duration-ms="1211" status="PASS">
          <reporter-output>
          </reporter-output>
        </test-method> <!-- VerifySearchWithValidProduct -->
        <test-method is-config="true" signature="TearDown()[pri:0, instance:com.tutorialsninja.testcases.Search@1f2586d6]" started-at="2024-11-29T15:57:58 AST" name="TearDown" finished-at="2024-11-29T15:57:59 AST" duration-ms="1112" status="PASS">
          <reporter-output>
          </reporter-output>
        </test-method> <!-- TearDown -->
        <test-method is-config="true" signature="Setup()[pri:0, instance:com.tutorialsninja.testcases.Search@1f2586d6]" started-at="2024-11-29T15:57:59 AST" name="Setup" finished-at="2024-11-29T15:58:06 AST" duration-ms="6778" status="PASS">
          <reporter-output>
          </reporter-output>
        </test-method> <!-- Setup -->
        <test-method signature="VerifySearchWithInvalidProduct()[pri:2, instance:com.tutorialsninja.testcases.Search@1f2586d6]" started-at="2024-11-29T15:58:06 AST" name="VerifySearchWithInvalidProduct" finished-at="2024-11-29T15:58:06 AST" duration-ms="626" status="PASS">
          <reporter-output>
          </reporter-output>
        </test-method> <!-- VerifySearchWithInvalidProduct -->
        <test-method is-config="true" signature="TearDown()[pri:0, instance:com.tutorialsninja.testcases.Search@1f2586d6]" started-at="2024-11-29T15:58:06 AST" name="TearDown" finished-at="2024-11-29T15:58:07 AST" duration-ms="1134" status="PASS">
          <reporter-output>
          </reporter-output>
        </test-method> <!-- TearDown -->
        <test-method is-config="true" signature="Setup()[pri:0, instance:com.tutorialsninja.testcases.Search@1f2586d6]" started-at="2024-11-29T15:58:07 AST" name="Setup" finished-at="2024-11-29T15:58:14 AST" duration-ms="6818" status="PASS">
          <reporter-output>
          </reporter-output>
        </test-method> <!-- Setup -->
        <test-method signature="VerifySearchWithouAnyProduct()[pri:3, instance:com.tutorialsninja.testcases.Search@1f2586d6]" started-at="2024-11-29T15:58:14 AST" name="VerifySearchWithouAnyProduct" finished-at="2024-11-29T15:58:15 AST" duration-ms="548" status="PASS">
          <reporter-output>
          </reporter-output>
        </test-method> <!-- VerifySearchWithouAnyProduct -->
        <test-method is-config="true" signature="TearDown()[pri:0, instance:com.tutorialsninja.testcases.Search@1f2586d6]" started-at="2024-11-29T15:58:15 AST" name="TearDown" finished-at="2024-11-29T15:58:16 AST" duration-ms="1090" status="PASS">
          <reporter-output>
          </reporter-output>
        </test-method> <!-- TearDown -->
      </class> <!-- com.tutorialsninja.testcases.Search -->
      <class name="com.tutorialsninja.testcases.Login">
        <test-method is-config="true" signature="SetUp()[pri:0, instance:com.tutorialsninja.testcases.Login@2f4948e4]" started-at="2024-11-29T15:56:50 AST" name="SetUp" finished-at="2024-11-29T15:56:58 AST" duration-ms="7713" status="PASS">
          <reporter-output>
          </reporter-output>
        </test-method> <!-- SetUp -->
        <test-method signature="LoginWithValidCredentials(java.lang.String,java.lang.String)[pri:1, instance:com.tutorialsninja.testcases.Login@2f4948e4]" started-at="2024-11-29T15:56:58 AST" name="LoginWithValidCredentials" data-provider="ValidCredentialSupplier" finished-at="2024-11-29T15:56:59 AST" duration-ms="1532" status="PASS">
          <params>
            <param index="0">
              <value>
                <![CDATA[sree48@duck.com]]>
              </value>
            </param>
            <param index="1">
              <value>
                <![CDATA[123456]]>
              </value>
            </param>
          </params>
          <reporter-output>
          </reporter-output>
        </test-method> <!-- LoginWithValidCredentials -->
        <test-method is-config="true" signature="TearDown()[pri:0, instance:com.tutorialsninja.testcases.Login@2f4948e4]" started-at="2024-11-29T15:56:59 AST" name="TearDown" finished-at="2024-11-29T15:57:00 AST" duration-ms="1129" status="PASS">
          <reporter-output>
          </reporter-output>
        </test-method> <!-- TearDown -->
        <test-method is-config="true" signature="SetUp()[pri:0, instance:com.tutorialsninja.testcases.Login@2f4948e4]" started-at="2024-11-29T15:57:00 AST" name="SetUp" finished-at="2024-11-29T15:57:08 AST" duration-ms="7655" status="PASS">
          <reporter-output>
          </reporter-output>
        </test-method> <!-- SetUp -->
        <test-method signature="LoginWithValidCredentials(java.lang.String,java.lang.String)[pri:1, instance:com.tutorialsninja.testcases.Login@2f4948e4]" started-at="2024-11-29T15:57:08 AST" name="LoginWithValidCredentials" data-provider="ValidCredentialSupplier" finished-at="2024-11-29T15:57:10 AST" duration-ms="1415" status="PASS">
          <params>
            <param index="0">
              <value>
                <![CDATA[sree.r448@gmail.com]]>
              </value>
            </param>
            <param index="1">
              <value>
                <![CDATA[123456]]>
              </value>
            </param>
          </params>
          <reporter-output>
          </reporter-output>
        </test-method> <!-- LoginWithValidCredentials -->
        <test-method is-config="true" signature="TearDown()[pri:0, instance:com.tutorialsninja.testcases.Login@2f4948e4]" started-at="2024-11-29T15:57:10 AST" name="TearDown" finished-at="2024-11-29T15:57:11 AST" duration-ms="1129" status="PASS">
          <reporter-output>
          </reporter-output>
        </test-method> <!-- TearDown -->
        <test-method is-config="true" signature="SetUp()[pri:0, instance:com.tutorialsninja.testcases.Login@2f4948e4]" started-at="2024-11-29T15:57:11 AST" name="SetUp" finished-at="2024-11-29T15:57:18 AST" duration-ms="7569" status="PASS">
          <reporter-output>
          </reporter-output>
        </test-method> <!-- SetUp -->
        <test-method signature="LoginWithInvalidCredentials()[pri:2, instance:com.tutorialsninja.testcases.Login@2f4948e4]" started-at="2024-11-29T15:57:18 AST" name="LoginWithInvalidCredentials" finished-at="2024-11-29T15:57:19 AST" duration-ms="1002" status="PASS">
          <reporter-output>
          </reporter-output>
        </test-method> <!-- LoginWithInvalidCredentials -->
        <test-method is-config="true" signature="TearDown()[pri:0, instance:com.tutorialsninja.testcases.Login@2f4948e4]" started-at="2024-11-29T15:57:19 AST" name="TearDown" finished-at="2024-11-29T15:57:20 AST" duration-ms="1137" status="PASS">
          <reporter-output>
          </reporter-output>
        </test-method> <!-- TearDown -->
        <test-method is-config="true" signature="SetUp()[pri:0, instance:com.tutorialsninja.testcases.Login@2f4948e4]" started-at="2024-11-29T15:57:20 AST" name="SetUp" finished-at="2024-11-29T15:57:28 AST" duration-ms="7675" status="PASS">
          <reporter-output>
          </reporter-output>
        </test-method> <!-- SetUp -->
        <test-method signature="LoginWithValidEmailInvalidPassword()[pri:3, instance:com.tutorialsninja.testcases.Login@2f4948e4]" started-at="2024-11-29T15:57:28 AST" name="LoginWithValidEmailInvalidPassword" finished-at="2024-11-29T15:57:29 AST" duration-ms="886" status="PASS">
          <reporter-output>
          </reporter-output>
        </test-method> <!-- LoginWithValidEmailInvalidPassword -->
        <test-method is-config="true" signature="TearDown()[pri:0, instance:com.tutorialsninja.testcases.Login@2f4948e4]" started-at="2024-11-29T15:57:29 AST" name="TearDown" finished-at="2024-11-29T15:57:30 AST" duration-ms="1170" status="PASS">
          <reporter-output>
          </reporter-output>
        </test-method> <!-- TearDown -->
        <test-method is-config="true" signature="SetUp()[pri:0, instance:com.tutorialsninja.testcases.Login@2f4948e4]" started-at="2024-11-29T15:57:30 AST" name="SetUp" finished-at="2024-11-29T15:57:38 AST" duration-ms="7890" status="PASS">
          <reporter-output>
          </reporter-output>
        </test-method> <!-- SetUp -->
        <test-method signature="LoginWithInvalidEmailValidPassword()[pri:4, instance:com.tutorialsninja.testcases.Login@2f4948e4]" started-at="2024-11-29T15:57:38 AST" name="LoginWithInvalidEmailValidPassword" finished-at="2024-11-29T15:57:39 AST" duration-ms="923" status="PASS">
          <reporter-output>
          </reporter-output>
        </test-method> <!-- LoginWithInvalidEmailValidPassword -->
        <test-method is-config="true" signature="TearDown()[pri:0, instance:com.tutorialsninja.testcases.Login@2f4948e4]" started-at="2024-11-29T15:57:39 AST" name="TearDown" finished-at="2024-11-29T15:57:40 AST" duration-ms="1125" status="PASS">
          <reporter-output>
          </reporter-output>
        </test-method> <!-- TearDown -->
        <test-method is-config="true" signature="SetUp()[pri:0, instance:com.tutorialsninja.testcases.Login@2f4948e4]" started-at="2024-11-29T15:57:40 AST" name="SetUp" finished-at="2024-11-29T15:57:48 AST" duration-ms="7827" status="PASS">
          <reporter-output>
          </reporter-output>
        </test-method> <!-- SetUp -->
        <test-method signature="LoginWithoutCredentials()[pri:5, instance:com.tutorialsninja.testcases.Login@2f4948e4]" started-at="2024-11-29T15:57:48 AST" name="LoginWithoutCredentials" finished-at="2024-11-29T15:57:49 AST" duration-ms="801" status="PASS">
          <reporter-output>
          </reporter-output>
        </test-method> <!-- LoginWithoutCredentials -->
        <test-method is-config="true" signature="TearDown()[pri:0, instance:com.tutorialsninja.testcases.Login@2f4948e4]" started-at="2024-11-29T15:57:49 AST" name="TearDown" finished-at="2024-11-29T15:57:50 AST" duration-ms="1170" status="PASS">
          <reporter-output>
          </reporter-output>
        </test-method> <!-- TearDown -->
      </class> <!-- com.tutorialsninja.testcases.Login -->
      <class name="com.tutorialsninja.testcases.Register">
        <test-method is-config="true" signature="SetUP()[pri:0, instance:com.tutorialsninja.testcases.Register@5fe94a96]" started-at="2024-11-29T15:55:47 AST" name="SetUP" finished-at="2024-11-29T15:55:56 AST" duration-ms="9120" status="PASS">
          <reporter-output>
          </reporter-output>
        </test-method> <!-- SetUP -->
        <test-method signature="VerifyRegesteringAccouuntWithMandatoryFields()[pri:1, instance:com.tutorialsninja.testcases.Register@5fe94a96]" started-at="2024-11-29T15:55:56 AST" name="VerifyRegesteringAccouuntWithMandatoryFields" finished-at="2024-11-29T15:56:07 AST" duration-ms="10902" status="FAIL">
          <exception class="org.openqa.selenium.NoSuchElementException">
            <message>
              <![CDATA[Unable to locate element: #\/\/div\[\@id\=\'content\'\]\/h1
For documentation on this error, please visit: https://www.selenium.dev/documentation/webdriver/troubleshooting/errors#no-such-element-exception
Build info: version: '4.26.0', revision: '8ccf0219d7'
System info: os.name: 'Windows 10', os.arch: 'amd64', os.version: '10.0', java.version: '17.0.3.1'
Driver info: org.openqa.selenium.firefox.FirefoxDriver
Command: [b0c7be6e-a35a-428a-b8f1-ea91aad1594f, findElement {value=//div[@id='content']/h1, using=id}]
Capabilities {acceptInsecureCerts: true, browserName: firefox, browserVersion: 133.0, moz:accessibilityChecks: false, moz:buildID: 20241121140525, moz:debuggerAddress: 127.0.0.1:42540, moz:geckodriverVersion: 0.35.0, moz:headless: false, moz:platformVersion: 10.0, moz:processID: 11660, moz:profile: C:\Users\Sree\AppData\Local..., moz:shutdownTimeout: 60000, moz:webdriverClick: true, moz:windowless: false, pageLoadStrategy: normal, platformName: windows, proxy: Proxy(), se:cdp: ws://127.0.0.1:42540/devtoo..., se:cdpVersion: 85.0, setWindowRect: true, strictFileInteractability: false, timeouts: {implicit: 0, pageLoad: 300000, script: 30000}, unhandledPromptBehavior: dismiss and notify, userAgent: Mozilla/5.0 (Windows NT 10....}
Session ID: b0c7be6e-a35a-428a-b8f1-ea91aad1594f]]>
            </message>
            <full-stacktrace>
              <![CDATA[org.openqa.selenium.NoSuchElementException: Unable to locate element: #\/\/div\[\@id\=\'content\'\]\/h1
For documentation on this error, please visit: https://www.selenium.dev/documentation/webdriver/troubleshooting/errors#no-such-element-exception
Build info: version: '4.26.0', revision: '8ccf0219d7'
System info: os.name: 'Windows 10', os.arch: 'amd64', os.version: '10.0', java.version: '17.0.3.1'
Driver info: org.openqa.selenium.firefox.FirefoxDriver
Command: [b0c7be6e-a35a-428a-b8f1-ea91aad1594f, findElement {value=//div[@id='content']/h1, using=id}]
Capabilities {acceptInsecureCerts: true, browserName: firefox, browserVersion: 133.0, moz:accessibilityChecks: false, moz:buildID: 20241121140525, moz:debuggerAddress: 127.0.0.1:42540, moz:geckodriverVersion: 0.35.0, moz:headless: false, moz:platformVersion: 10.0, moz:processID: 11660, moz:profile: C:\Users\Sree\AppData\Local..., moz:shutdownTimeout: 60000, moz:webdriverClick: true, moz:windowless: false, pageLoadStrategy: normal, platformName: windows, proxy: Proxy(), se:cdp: ws://127.0.0.1:42540/devtoo..., se:cdpVersion: 85.0, setWindowRect: true, strictFileInteractability: false, timeouts: {implicit: 0, pageLoad: 300000, script: 30000}, unhandledPromptBehavior: dismiss and notify, userAgent: Mozilla/5.0 (Windows NT 10....}
Session ID: b0c7be6e-a35a-428a-b8f1-ea91aad1594f
at java.base/jdk.internal.reflect.NativeConstructorAccessorImpl.newInstance0(Native Method)
at java.base/jdk.internal.reflect.NativeConstructorAccessorImpl.newInstance(NativeConstructorAccessorImpl.java:77)
at java.base/jdk.internal.reflect.DelegatingConstructorAccessorImpl.newInstance(DelegatingConstructorAccessorImpl.java:45)
at java.base/java.lang.reflect.Constructor.newInstanceWithCaller(Constructor.java:499)
at java.base/java.lang.reflect.Constructor.newInstance(Constructor.java:480)
at org.openqa.selenium.remote.ErrorCodec.decode(ErrorCodec.java:167)
at org.openqa.selenium.remote.codec.w3c.W3CHttpResponseCodec.decode(W3CHttpResponseCodec.java:138)
at org.openqa.selenium.remote.codec.w3c.W3CHttpResponseCodec.decode(W3CHttpResponseCodec.java:50)
at org.openqa.selenium.remote.HttpCommandExecutor.execute(HttpCommandExecutor.java:190)
at org.openqa.selenium.remote.service.DriverCommandExecutor.invokeExecute(DriverCommandExecutor.java:216)
at org.openqa.selenium.remote.service.DriverCommandExecutor.execute(DriverCommandExecutor.java:174)
at org.openqa.selenium.remote.RemoteWebDriver.execute(RemoteWebDriver.java:545)
at org.openqa.selenium.remote.ElementLocation$ElementFinder$2.findElement(ElementLocation.java:165)
at org.openqa.selenium.remote.ElementLocation.findElement(ElementLocation.java:59)
at org.openqa.selenium.remote.RemoteWebDriver.findElement(RemoteWebDriver.java:368)
at org.openqa.selenium.remote.RemoteWebDriver.findElement(RemoteWebDriver.java:362)
at org.openqa.selenium.support.pagefactory.DefaultElementLocator.findElement(DefaultElementLocator.java:68)
at org.openqa.selenium.support.pagefactory.internal.LocatingElementHandler.invoke(LocatingElementHandler.java:38)
at jdk.proxy2/jdk.proxy2.$Proxy15.getText(Unknown Source)
at com.tutorialsninja.pages.AccountSuccessPage.getAccountSuccessPageHeading(AccountSuccessPage.java:22)
at com.tutorialsninja.testcases.Register.VerifyRegesteringAccouuntWithMandatoryFields(Register.java:71)
at java.base/jdk.internal.reflect.NativeMethodAccessorImpl.invoke0(Native Method)
at java.base/jdk.internal.reflect.NativeMethodAccessorImpl.invoke(NativeMethodAccessorImpl.java:77)
at java.base/jdk.internal.reflect.DelegatingMethodAccessorImpl.invoke(DelegatingMethodAccessorImpl.java:43)
at java.base/java.lang.reflect.Method.invoke(Method.java:568)
at org.testng.internal.invokers.MethodInvocationHelper.invokeMethod(MethodInvocationHelper.java:141)
at org.testng.internal.invokers.TestInvoker.invokeMethod(TestInvoker.java:686)
at org.testng.internal.invokers.TestInvoker.invokeTestMethod(TestInvoker.java:230)
at org.testng.internal.invokers.MethodRunner.runInSequence(MethodRunner.java:63)
at org.testng.internal.invokers.TestInvoker$MethodInvocationAgent.invoke(TestInvoker.java:992)
at org.testng.internal.invokers.TestInvoker.invokeTestMethods(TestInvoker.java:203)
at org.testng.internal.invokers.TestMethodWorker.invokeTestMethods(TestMethodWorker.java:154)
at org.testng.internal.invokers.TestMethodWorker.run(TestMethodWorker.java:134)
at java.base/java.util.ArrayList.forEach(ArrayList.java:1511)
at org.testng.TestRunner.privateRun(TestRunner.java:739)
at org.testng.TestRunner.run(TestRunner.java:614)
at org.testng.SuiteRunner.runTest(SuiteRunner.java:421)
at org.testng.SuiteRunner.runSequentially(SuiteRunner.java:413)
at org.testng.SuiteRunner.privateRun(SuiteRunner.java:373)
at org.testng.SuiteRunner.run(SuiteRunner.java:312)
at org.testng.SuiteRunnerWorker.runSuite(SuiteRunnerWorker.java:52)
at org.testng.SuiteRunnerWorker.run(SuiteRunnerWorker.java:95)
at org.testng.TestNG.runSuitesSequentially(TestNG.java:1274)
at org.testng.TestNG.runSuitesLocally(TestNG.java:1208)
at org.testng.TestNG.runSuites(TestNG.java:1112)
at org.testng.TestNG.run(TestNG.java:1079)
at org.testng.remote.AbstractRemoteTestNG.run(AbstractRemoteTestNG.java:115)
at org.testng.remote.RemoteTestNG.initAndRun(RemoteTestNG.java:293)
at org.testng.remote.RemoteTestNG.main(RemoteTestNG.java:91)
]]>
            </full-stacktrace>
          </exception> <!-- org.openqa.selenium.NoSuchElementException -->
          <reporter-output>
          </reporter-output>
        </test-method> <!-- VerifyRegesteringAccouuntWithMandatoryFields -->
        <test-method is-config="true" signature="TearDown()[pri:0, instance:com.tutorialsninja.testcases.Register@5fe94a96]" started-at="2024-11-29T15:56:07 AST" name="TearDown" finished-at="2024-11-29T15:56:08 AST" duration-ms="1259" status="PASS">
          <reporter-output>
          </reporter-output>
        </test-method> <!-- TearDown -->
        <test-method is-config="true" signature="SetUP()[pri:0, instance:com.tutorialsninja.testcases.Register@5fe94a96]" started-at="2024-11-29T15:56:08 AST" name="SetUP" finished-at="2024-11-29T15:56:16 AST" duration-ms="8395" status="PASS">
          <reporter-output>
          </reporter-output>
        </test-method> <!-- SetUP -->
        <test-method signature="VerifyRegesteringAccouuntWithAllFields()[pri:2, instance:com.tutorialsninja.testcases.Register@5fe94a96]" started-at="2024-11-29T15:56:16 AST" name="VerifyRegesteringAccouuntWithAllFields" finished-at="2024-11-29T15:56:28 AST" duration-ms="11066" status="FAIL">
          <exception class="org.openqa.selenium.NoSuchElementException">
            <message>
              <![CDATA[Unable to locate element: #\/\/div\[\@id\=\'content\'\]\/h1
For documentation on this error, please visit: https://www.selenium.dev/documentation/webdriver/troubleshooting/errors#no-such-element-exception
Build info: version: '4.26.0', revision: '8ccf0219d7'
System info: os.name: 'Windows 10', os.arch: 'amd64', os.version: '10.0', java.version: '17.0.3.1'
Driver info: org.openqa.selenium.firefox.FirefoxDriver
Command: [0fdaa370-d6f1-405a-8e1e-2d8683dd3519, findElement {value=//div[@id='content']/h1, using=id}]
Capabilities {acceptInsecureCerts: true, browserName: firefox, browserVersion: 133.0, moz:accessibilityChecks: false, moz:buildID: 20241121140525, moz:debuggerAddress: 127.0.0.1:4225, moz:geckodriverVersion: 0.35.0, moz:headless: false, moz:platformVersion: 10.0, moz:processID: 11312, moz:profile: C:\Users\Sree\AppData\Local..., moz:shutdownTimeout: 60000, moz:webdriverClick: true, moz:windowless: false, pageLoadStrategy: normal, platformName: windows, proxy: Proxy(), se:cdp: ws://127.0.0.1:4225/devtool..., se:cdpVersion: 85.0, setWindowRect: true, strictFileInteractability: false, timeouts: {implicit: 0, pageLoad: 300000, script: 30000}, unhandledPromptBehavior: dismiss and notify, userAgent: Mozilla/5.0 (Windows NT 10....}
Session ID: 0fdaa370-d6f1-405a-8e1e-2d8683dd3519]]>
            </message>
            <full-stacktrace>
              <![CDATA[org.openqa.selenium.NoSuchElementException: Unable to locate element: #\/\/div\[\@id\=\'content\'\]\/h1
For documentation on this error, please visit: https://www.selenium.dev/documentation/webdriver/troubleshooting/errors#no-such-element-exception
Build info: version: '4.26.0', revision: '8ccf0219d7'
System info: os.name: 'Windows 10', os.arch: 'amd64', os.version: '10.0', java.version: '17.0.3.1'
Driver info: org.openqa.selenium.firefox.FirefoxDriver
Command: [0fdaa370-d6f1-405a-8e1e-2d8683dd3519, findElement {value=//div[@id='content']/h1, using=id}]
Capabilities {acceptInsecureCerts: true, browserName: firefox, browserVersion: 133.0, moz:accessibilityChecks: false, moz:buildID: 20241121140525, moz:debuggerAddress: 127.0.0.1:4225, moz:geckodriverVersion: 0.35.0, moz:headless: false, moz:platformVersion: 10.0, moz:processID: 11312, moz:profile: C:\Users\Sree\AppData\Local..., moz:shutdownTimeout: 60000, moz:webdriverClick: true, moz:windowless: false, pageLoadStrategy: normal, platformName: windows, proxy: Proxy(), se:cdp: ws://127.0.0.1:4225/devtool..., se:cdpVersion: 85.0, setWindowRect: true, strictFileInteractability: false, timeouts: {implicit: 0, pageLoad: 300000, script: 30000}, unhandledPromptBehavior: dismiss and notify, userAgent: Mozilla/5.0 (Windows NT 10....}
Session ID: 0fdaa370-d6f1-405a-8e1e-2d8683dd3519
at java.base/jdk.internal.reflect.NativeConstructorAccessorImpl.newInstance0(Native Method)
at java.base/jdk.internal.reflect.NativeConstructorAccessorImpl.newInstance(NativeConstructorAccessorImpl.java:77)
at java.base/jdk.internal.reflect.DelegatingConstructorAccessorImpl.newInstance(DelegatingConstructorAccessorImpl.java:45)
at java.base/java.lang.reflect.Constructor.newInstanceWithCaller(Constructor.java:499)
at java.base/java.lang.reflect.Constructor.newInstance(Constructor.java:480)
at org.openqa.selenium.remote.ErrorCodec.decode(ErrorCodec.java:167)
at org.openqa.selenium.remote.codec.w3c.W3CHttpResponseCodec.decode(W3CHttpResponseCodec.java:138)
at org.openqa.selenium.remote.codec.w3c.W3CHttpResponseCodec.decode(W3CHttpResponseCodec.java:50)
at org.openqa.selenium.remote.HttpCommandExecutor.execute(HttpCommandExecutor.java:190)
at org.openqa.selenium.remote.service.DriverCommandExecutor.invokeExecute(DriverCommandExecutor.java:216)
at org.openqa.selenium.remote.service.DriverCommandExecutor.execute(DriverCommandExecutor.java:174)
at org.openqa.selenium.remote.RemoteWebDriver.execute(RemoteWebDriver.java:545)
at org.openqa.selenium.remote.ElementLocation$ElementFinder$2.findElement(ElementLocation.java:165)
at org.openqa.selenium.remote.ElementLocation.findElement(ElementLocation.java:59)
at org.openqa.selenium.remote.RemoteWebDriver.findElement(RemoteWebDriver.java:368)
at org.openqa.selenium.remote.RemoteWebDriver.findElement(RemoteWebDriver.java:362)
at org.openqa.selenium.support.pagefactory.DefaultElementLocator.findElement(DefaultElementLocator.java:68)
at org.openqa.selenium.support.pagefactory.internal.LocatingElementHandler.invoke(LocatingElementHandler.java:38)
at jdk.proxy2/jdk.proxy2.$Proxy15.getText(Unknown Source)
at com.tutorialsninja.pages.AccountSuccessPage.getAccountSuccessPageHeading(AccountSuccessPage.java:22)
at com.tutorialsninja.testcases.Register.VerifyRegesteringAccouuntWithAllFields(Register.java:103)
at java.base/jdk.internal.reflect.NativeMethodAccessorImpl.invoke0(Native Method)
at java.base/jdk.internal.reflect.NativeMethodAccessorImpl.invoke(NativeMethodAccessorImpl.java:77)
at java.base/jdk.internal.reflect.DelegatingMethodAccessorImpl.invoke(DelegatingMethodAccessorImpl.java:43)
at java.base/java.lang.reflect.Method.invoke(Method.java:568)
at org.testng.internal.invokers.MethodInvocationHelper.invokeMethod(MethodInvocationHelper.java:141)
at org.testng.internal.invokers.TestInvoker.invokeMethod(TestInvoker.java:686)
at org.testng.internal.invokers.TestInvoker.invokeTestMethod(TestInvoker.java:230)
at org.testng.internal.invokers.MethodRunner.runInSequence(MethodRunner.java:63)
at org.testng.internal.invokers.TestInvoker$MethodInvocationAgent.invoke(TestInvoker.java:992)
at org.testng.internal.invokers.TestInvoker.invokeTestMethods(TestInvoker.java:203)
at org.testng.internal.invokers.TestMethodWorker.invokeTestMethods(TestMethodWorker.java:154)
at org.testng.internal.invokers.TestMethodWorker.run(TestMethodWorker.java:134)
at java.base/java.util.ArrayList.forEach(ArrayList.java:1511)
at org.testng.TestRunner.privateRun(TestRunner.java:739)
at org.testng.TestRunner.run(TestRunner.java:614)
at org.testng.SuiteRunner.runTest(SuiteRunner.java:421)
at org.testng.SuiteRunner.runSequentially(SuiteRunner.java:413)
at org.testng.SuiteRunner.privateRun(SuiteRunner.java:373)
at org.testng.SuiteRunner.run(SuiteRunner.java:312)
at org.testng.SuiteRunnerWorker.runSuite(SuiteRunnerWorker.java:52)
at org.testng.SuiteRunnerWorker.run(SuiteRunnerWorker.java:95)
at org.testng.TestNG.runSuitesSequentially(TestNG.java:1274)
at org.testng.TestNG.runSuitesLocally(TestNG.java:1208)
at org.testng.TestNG.runSuites(TestNG.java:1112)
at org.testng.TestNG.run(TestNG.java:1079)
at org.testng.remote.AbstractRemoteTestNG.run(AbstractRemoteTestNG.java:115)
at org.testng.remote.RemoteTestNG.initAndRun(RemoteTestNG.java:293)
at org.testng.remote.RemoteTestNG.main(RemoteTestNG.java:91)
]]>
            </full-stacktrace>
          </exception> <!-- org.openqa.selenium.NoSuchElementException -->
          <reporter-output>
          </reporter-output>
        </test-method> <!-- VerifyRegesteringAccouuntWithAllFields -->
        <test-method is-config="true" signature="TearDown()[pri:0, instance:com.tutorialsninja.testcases.Register@5fe94a96]" started-at="2024-11-29T15:56:28 AST" name="TearDown" finished-at="2024-11-29T15:56:29 AST" duration-ms="1175" status="PASS">
          <reporter-output>
          </reporter-output>
        </test-method> <!-- TearDown -->
        <test-method is-config="true" signature="SetUP()[pri:0, instance:com.tutorialsninja.testcases.Register@5fe94a96]" started-at="2024-11-29T15:56:29 AST" name="SetUP" finished-at="2024-11-29T15:56:37 AST" duration-ms="7980" status="PASS">
          <reporter-output>
          </reporter-output>
        </test-method> <!-- SetUP -->
        <test-method signature="VerifyRegesteringAccouuntWithExistingEmail()[pri:3, instance:com.tutorialsninja.testcases.Register@5fe94a96]" started-at="2024-11-29T15:56:37 AST" name="VerifyRegesteringAccouuntWithExistingEmail" finished-at="2024-11-29T15:56:38 AST" duration-ms="1474" status="PASS">
          <reporter-output>
          </reporter-output>
        </test-method> <!-- VerifyRegesteringAccouuntWithExistingEmail -->
        <test-method is-config="true" signature="TearDown()[pri:0, instance:com.tutorialsninja.testcases.Register@5fe94a96]" started-at="2024-11-29T15:56:38 AST" name="TearDown" finished-at="2024-11-29T15:56:39 AST" duration-ms="1171" status="PASS">
          <reporter-output>
          </reporter-output>
        </test-method> <!-- TearDown -->
        <test-method is-config="true" signature="SetUP()[pri:0, instance:com.tutorialsninja.testcases.Register@5fe94a96]" started-at="2024-11-29T15:56:39 AST" name="SetUP" finished-at="2024-11-29T15:56:48 AST" duration-ms="8052" status="PASS">
          <reporter-output>
          </reporter-output>
        </test-method> <!-- SetUP -->
        <test-method signature="VerifyRegesteringAccouuntWithoutDetails()[pri:4, instance:com.tutorialsninja.testcases.Register@5fe94a96]" started-at="2024-11-29T15:56:48 AST" name="VerifyRegesteringAccouuntWithoutDetails" finished-at="2024-11-29T15:56:48 AST" duration-ms="739" status="PASS">
          <reporter-output>
          </reporter-output>
        </test-method> <!-- VerifyRegesteringAccouuntWithoutDetails -->
        <test-method is-config="true" signature="TearDown()[pri:0, instance:com.tutorialsninja.testcases.Register@5fe94a96]" started-at="2024-11-29T15:56:48 AST" name="TearDown" finished-at="2024-11-29T15:56:49 AST" duration-ms="1120" status="PASS">
          <reporter-output>
          </reporter-output>
        </test-method> <!-- TearDown -->
      </class> <!-- com.tutorialsninja.testcases.Register -->
    </test> <!-- Test -->
  </suite> <!-- Suite -->
</testng-results>
